[2018-04-15 19:28:10] my_logger.DEBUG: {"iss":"local.perpetualmotion.org","aud":"local.perpetualmotion.org","user":{"id":"1729","username":"ddekroon","firstName":"Derek","lastName":"Dekroon","email":"ddekroon2@gmail.com","access":"1"}} [] []
[2018-04-15 19:28:10] my_logger.DEBUG: 1 [] []
[2018-04-15 19:28:10] my_logger.DEBUG: 1 [] []
[2018-04-15 19:28:10] my_logger.DEBUG: 1 [] []
[2018-04-15 19:28:10] my_logger.DEBUG: 1 [] []
[2018-04-15 19:28:10] my_logger.DEBUG:  [] []
[2018-04-15 19:30:12] my_logger.DEBUG: {"iss":"local.perpetualmotion.org","aud":"local.perpetualmotion.org","user":{"id":"1729","username":"ddekroon","firstName":"Derek","lastName":"Dekroon","email":"ddekroon2@gmail.com","access":"1"}} [] []
[2018-04-15 19:30:12] my_logger.DEBUG: 1 [] []
[2018-04-15 19:30:12] my_logger.DEBUG: 1 [] []
[2018-04-15 19:30:12] my_logger.DEBUG: 1 [] []
[2018-04-15 19:30:12] my_logger.DEBUG: 1 [] []
[2018-04-15 19:30:12] my_logger.DEBUG:  [] []
[2018-04-15 19:30:12] my_logger.DEBUG:  [] []
[2018-04-15 19:31:30] my_logger.DEBUG: {"iss":"local.perpetualmotion.org","aud":"local.perpetualmotion.org","user":{"id":"1729","username":"ddekroon","firstName":"Derek","lastName":"Dekroon","email":"ddekroon2@gmail.com","access":"1"}} [] []
[2018-04-15 19:31:30] my_logger.DEBUG: 1 [] []
[2018-04-15 19:31:30] my_logger.DEBUG: {"id":"1729","username":"ddekroon","firstName":"Derek","lastName":"Dekroon","email":"ddekroon2@gmail.com","access":"1"} [] []
[2018-04-15 19:31:30] my_logger.DEBUG: 1729 [] []
[2018-04-15 19:32:03] my_logger.DEBUG: {"iss":"local.perpetualmotion.org","aud":"local.perpetualmotion.org","user":{"id":"1729","username":"ddekroon","firstName":"Derek","lastName":"Dekroon","email":"ddekroon2@gmail.com","access":"1"}} [] []
[2018-04-15 19:32:50] my_logger.DEBUG: Not valid [] []
[2018-04-15 19:34:02] my_logger.DEBUG: 1 [] []
[2018-04-15 19:34:02] my_logger.DEBUG: 1 [] []
[2018-04-15 19:34:02] my_logger.DEBUG: 1 [] []
[2018-04-15 19:34:02] my_logger.DEBUG: 1 [] []
[2018-04-15 19:34:02] my_logger.DEBUG: 1 [] []
[2018-04-15 19:34:02] my_logger.DEBUG: 1 [] []
[2018-04-15 19:34:02] my_logger.DEBUG:  [] []
[2018-04-15 19:34:02] my_logger.DEBUG: 1 [] []
[2018-04-15 19:34:02] my_logger.DEBUG: Not valid [] []
[2018-04-15 19:34:21] my_logger.DEBUG: 1 [] []
[2018-04-15 19:34:21] my_logger.DEBUG: 1 [] []
[2018-04-15 19:34:21] my_logger.DEBUG: 1 [] []
[2018-04-15 19:34:21] my_logger.DEBUG: 1 [] []
[2018-04-15 19:34:21] my_logger.DEBUG: 1 [] []
[2018-04-15 19:34:21] my_logger.DEBUG: 1 [] []
[2018-04-15 19:34:21] my_logger.DEBUG: 1 [] []
[2018-04-15 19:34:21] my_logger.DEBUG: 1 [] []
[2018-04-15 19:34:21] my_logger.DEBUG: Models_User [ 1729 ]  [] []
[2018-04-15 19:35:02] my_logger.DEBUG: Models_User [ 1729 ]  [] []
[2018-04-15 19:35:18] my_logger.DEBUG: Models_User [ 1729 ]  [] []
[2018-04-15 19:35:18] my_logger.DEBUG: Hi derek [] []
[2018-04-15 19:36:21] my_logger.DEBUG: Models_User [ 1729 ]  [] []
[2018-04-15 19:36:21] my_logger.DEBUG: Hi derek [] []
[2018-04-15 19:36:46] my_logger.DEBUG: Models_User [ 1729 ]  [] []
[2018-04-15 19:36:46] my_logger.DEBUG: Hi derek [] []
[2018-04-15 19:37:03] my_logger.DEBUG: Models_User [ 1729 ]  [] []
[2018-04-15 19:37:03] my_logger.DEBUG: Hi derek [] []
[2018-04-15 19:37:07] my_logger.DEBUG: Models_User [ 1729 ]  [] []
[2018-04-15 19:37:07] my_logger.DEBUG: Hi derek [] []
[2018-04-15 19:37:13] my_logger.DEBUG: Models_User [ 1729 ]  [] []
[2018-04-15 19:37:13] my_logger.DEBUG: Hi derek [] []
